Copyright 1986-2022 Xilinx, Inc. All Rights Reserved. Copyright 2022-2023 Advanced Micro Devices, Inc. All Rights Reserved.
-------------------------------------------------------------------------------------------------------------------------------------------------
| Tool Version     : Vivado v.2023.1 (win64) Build 3865809 Sun May  7 15:05:29 MDT 2023
| Date             : Tue Jun 20 23:43:39 2023
| Host             : DESKTOP-MATTHIJS running 64-bit major release  (build 9200)
| Command          : report_power -file chip8_power_routed.rpt -pb chip8_power_summary_routed.pb -rpx chip8_power_routed.rpx
| Design           : chip8
| Device           : xc7a100tcsg324-1
| Design State     : routed
| Grade            : commercial
| Process          : typical
| Characterization : Production
-------------------------------------------------------------------------------------------------------------------------------------------------

Power Report

Table of Contents
-----------------
1. Summary
1.1 On-Chip Components
1.2 Power Supply Summary
1.3 Confidence Level
2. Settings
2.1 Environment
2.2 Clock Constraints
3. Detailed Reports
3.1 By Hierarchy

1. Summary
----------

+--------------------------+----------------------------------+
| Total On-Chip Power (W)  | 47.625 (Junction temp exceeded!) |
| Design Power Budget (W)  | Unspecified*                     |
| Power Budget Margin (W)  | NA                               |
| Dynamic (W)              | 46.828                           |
| Device Static (W)        | 0.797                            |
| Effective TJA (C/W)      | 4.6                              |
| Max Ambient (C)          | 0.0                              |
| Junction Temperature (C) | 125.0                            |
| Confidence Level         | Low                              |
| Setting File             | ---                              |
| Simulation Activity File | ---                              |
| Design Nets Matched      | NA                               |
+--------------------------+----------------------------------+
* Specify Design Power Budget using, set_operating_conditions -design_power_budget <value in Watts>


1.1 On-Chip Components
----------------------

+--------------------------+-----------+----------+-----------+-----------------+
| On-Chip                  | Power (W) | Used     | Available | Utilization (%) |
+--------------------------+-----------+----------+-----------+-----------------+
| Slice Logic              |    15.308 |    34375 |       --- |             --- |
|   LUT as Logic           |    13.911 |    21922 |     63400 |           34.58 |
|   F7/F8 Muxes            |     0.755 |     1125 |     63400 |            1.77 |
|   Register               |     0.346 |     7390 |    126800 |            5.83 |
|   CARRY4                 |     0.290 |      498 |     15850 |            3.14 |
|   BUFG                   |     0.006 |        2 |        32 |            6.25 |
|   Others                 |     0.000 |       44 |       --- |             --- |
|   LUT as Distributed RAM |     0.000 |      524 |     19000 |            2.76 |
| Signals                  |    30.962 |    29457 |       --- |             --- |
| DSPs                     |     0.000 |        3 |       240 |            1.25 |
| I/O                      |     0.559 |       11 |       210 |            5.24 |
| Static Power             |     0.797 |          |           |                 |
| Total                    |    47.625 |          |           |                 |
+--------------------------+-----------+----------+-----------+-----------------+


1.2 Power Supply Summary
------------------------

+-----------+-------------+-----------+-------------+------------+-------------+-------------+------------+
| Source    | Voltage (V) | Total (A) | Dynamic (A) | Static (A) | Powerup (A) | Budget (A)  | Margin (A) |
+-----------+-------------+-----------+-------------+------------+-------------+-------------+------------+
| Vccint    |       1.000 |    46.852 |      46.289 |      0.563 |       NA    | Unspecified | NA         |
| Vccaux    |       1.800 |     0.113 |       0.020 |      0.093 |       NA    | Unspecified | NA         |
| Vcco33    |       3.300 |     0.156 |       0.152 |      0.004 |       NA    | Unspecified | NA         |
| Vcco25    |       2.500 |     0.000 |       0.000 |      0.000 |       NA    | Unspecified | NA         |
| Vcco18    |       1.800 |     0.000 |       0.000 |      0.000 |       NA    | Unspecified | NA         |
| Vcco15    |       1.500 |     0.000 |       0.000 |      0.000 |       NA    | Unspecified | NA         |
| Vcco135   |       1.350 |     0.000 |       0.000 |      0.000 |       NA    | Unspecified | NA         |
| Vcco12    |       1.200 |     0.000 |       0.000 |      0.000 |       NA    | Unspecified | NA         |
| Vccaux_io |       1.800 |     0.000 |       0.000 |      0.000 |       NA    | Unspecified | NA         |
| Vccbram   |       1.000 |     0.018 |       0.000 |      0.018 |       NA    | Unspecified | NA         |
| MGTAVcc   |       1.000 |     0.000 |       0.000 |      0.000 |       NA    | Unspecified | NA         |
| MGTAVtt   |       1.200 |     0.000 |       0.000 |      0.000 |       NA    | Unspecified | NA         |
| Vccadc    |       1.800 |     0.020 |       0.000 |      0.020 |       NA    | Unspecified | NA         |
+-----------+-------------+-----------+-------------+------------+-------------+-------------+------------+


1.3 Confidence Level
--------------------

+-----------------------------+------------+--------------------------------------------------------+--------------------------------------------------------------------------------------------------------------------+
| User Input Data             | Confidence | Details                                                | Action                                                                                                             |
+-----------------------------+------------+--------------------------------------------------------+--------------------------------------------------------------------------------------------------------------------+
| Design implementation state | High       | Design is routed                                       |                                                                                                                    |
| Clock nodes activity        | Low        | User specified less than 75% of clocks                 | Provide missing clock activity with a constraint file, simulation results or by editing the "By Clock Domain" view |
| I/O nodes activity          | Low        | More than 75% of inputs are missing user specification | Provide missing input activity with simulation results or by editing the "By Resource Type -> I/Os" view           |
| Internal nodes activity     | Medium     | User specified less than 25% of internal nodes         | Provide missing internal nodes activity with simulation results or by editing the "By Resource Type" views         |
| Device models               | High       | Device models are Production                           |                                                                                                                    |
|                             |            |                                                        |                                                                                                                    |
| Overall confidence level    | Low        |                                                        |                                                                                                                    |
+-----------------------------+------------+--------------------------------------------------------+--------------------------------------------------------------------------------------------------------------------+


2. Settings
-----------

2.1 Environment
---------------

+-----------------------+--------------------------+
| Ambient Temp (C)      | 25.0                     |
| ThetaJA (C/W)         | 4.6                      |
| Airflow (LFM)         | 250                      |
| Heat Sink             | medium (Medium Profile)  |
| ThetaSA (C/W)         | 4.6                      |
| Board Selection       | medium (10"x10")         |
| # of Board Layers     | 12to15 (12 to 15 Layers) |
| Board Temperature (C) | 25.0                     |
+-----------------------+--------------------------+


2.2 Clock Constraints
---------------------

+-------+--------+-----------------+
| Clock | Domain | Constraint (ns) |
+-------+--------+-----------------+


3. Detailed Reports
-------------------

3.1 By Hierarchy
----------------

+------------------------------------+-----------+
| Name                               | Power (W) |
+------------------------------------+-----------+
| chip8                              |    46.828 |
|   CPU                              |    41.600 |
|     MEMORY                         |     0.002 |
|   DISPLAY                          |     2.895 |
|     I2C_CONTROLLER                 |     0.440 |
|   KEYPAD                           |     1.322 |
|     row_debounce[0].debounce_keys  |     0.055 |
|     row_debounce[10].debounce_keys |     0.068 |
|     row_debounce[11].debounce_keys |     0.061 |
|     row_debounce[12].debounce_keys |     0.061 |
|     row_debounce[13].debounce_keys |     0.063 |
|     row_debounce[14].debounce_keys |     0.055 |
|     row_debounce[15].debounce_keys |     0.071 |
|     row_debounce[1].debounce_keys  |     0.075 |
|     row_debounce[2].debounce_keys  |     0.072 |
|     row_debounce[3].debounce_keys  |     0.067 |
|     row_debounce[4].debounce_keys  |     0.061 |
|     row_debounce[5].debounce_keys  |     0.070 |
|     row_debounce[6].debounce_keys  |     0.065 |
|     row_debounce[7].debounce_keys  |     0.073 |
|     row_debounce[8].debounce_keys  |     0.056 |
|     row_debounce[9].debounce_keys  |     0.073 |
+------------------------------------+-----------+


